-------------------------------------------------------------------------------
Test set: com.predic8.wstool.creator.SOARequestCreatorSOAP11Test
-------------------------------------------------------------------------------
Tests run: 5, Failures: 0, Errors: 2, Skipped: 0, Time elapsed: 0.054 sec <<< FAILURE! - in com.predic8.wstool.creator.SOARequestCreatorSOAP11Test
testRequestCreatorWithRPCLit(com.predic8.wstool.creator.SOARequestCreatorSOAP11Test)  Time elapsed: 0.033 sec  <<< ERROR!
org.xml.sax.SAXParseException: Präfix "ns1" für Element "ns1:addPerson" ist nicht gebunden.
	at com.sun.org.apache.xerces.internal.parsers.AbstractSAXParser.parse(AbstractSAXParser.java:1236)
	at com.sun.org.apache.xerces.internal.jaxp.SAXParserImpl$JAXPSAXParser.parse(SAXParserImpl.java:628)
	at groovy.util.XmlSlurper.parse(XmlSlurper.java:146)
	at groovy.util.XmlSlurper.parse(XmlSlurper.java:199)
	at groovy.util.XmlSlurper.parseText(XmlSlurper.java:225)
	at groovy.util.XmlSlurper$parseText.call(Unknown Source)
	at com.predic8.wstool.creator.SOARequestCreatorSOAP11Test.createRequest(SOARequestCreatorSOAP11Test.groovy:100)

testRequestTemplateCreatorWithRPCLit(com.predic8.wstool.creator.SOARequestCreatorSOAP11Test)  Time elapsed: 0.006 sec  <<< ERROR!
org.xml.sax.SAXParseException: Präfix "ns1" für Element "ns1:addPerson" ist nicht gebunden.
	at com.sun.org.apache.xerces.internal.parsers.AbstractSAXParser.parse(AbstractSAXParser.java:1236)
	at com.sun.org.apache.xerces.internal.jaxp.SAXParserImpl$JAXPSAXParser.parse(SAXParserImpl.java:628)
	at groovy.util.XmlSlurper.parse(XmlSlurper.java:146)
	at groovy.util.XmlSlurper.parse(XmlSlurper.java:199)
	at groovy.util.XmlSlurper.parseText(XmlSlurper.java:225)
	at groovy.util.XmlSlurper$parseText.call(Unknown Source)
	at com.predic8.wstool.creator.SOARequestCreatorSOAP11Test.createRequest(SOARequestCreatorSOAP11Test.groovy:100)

